<?xml version="1.0" encoding="UTF-8"?>
<!-- Generated by org.testng.reporters.JUnitReportReporter -->
<testsuite skipped="0" hostname="abhi-PC" name="dataDrivenTesting.LoginWithTestNG" tests="10" failures="0" timestamp="17 Feb 2019 16:49:08 GMT" time="99.882" errors="0">
  <testcase name="test" time="8.155" classname="dataDrivenTesting.LoginWithTestNG"/>
  <testcase name="test" time="8.392" classname="dataDrivenTesting.LoginWithTestNG"/>
  <testcase name="test" time="8.551" classname="dataDrivenTesting.LoginWithTestNG"/>
  <testcase name="test" time="10.096" classname="dataDrivenTesting.LoginWithTestNG"/>
  <testcase name="test" time="13.779" classname="dataDrivenTesting.LoginWithTestNG"/>
  <testcase name="test" time="13.626" classname="dataDrivenTesting.LoginWithTestNG"/>
  <testcase name="test" time="11.239" classname="dataDrivenTesting.LoginWithTestNG"/>
  <testcase name="test" time="8.610" classname="dataDrivenTesting.LoginWithTestNG"/>
  <testcase name="test" time="8.275" classname="dataDrivenTesting.LoginWithTestNG"/>
  <testcase name="test" time="9.159" classname="dataDrivenTesting.LoginWithTestNG"/>
</testsuite> <!-- dataDrivenTesting.LoginWithTestNG -->
