<?xml version="1.0" encoding="UTF-8"?>
<!-- Generated by org.testng.reporters.JUnitReportReporter -->
<testsuite skipped="0" hostname="abhi-PC" name="tests.TestNg" tests="2" failures="0" timestamp="17 Feb 2019 14:35:55 GMT" time="0.021" errors="0">
  <testcase name="f" time="0.021" classname="tests.TestNg"/>
  <testcase name="f" time="0.000" classname="tests.TestNg"/>
</testsuite> <!-- tests.TestNg -->
