<?xml version="1.0" encoding="UTF-8"?>
<!-- Generated by org.testng.reporters.JUnitReportReporter -->
<testsuite skipped="0" hostname="abhi-PC" name="main.LoginWithTestNG" tests="5" failures="0" timestamp="14 Feb 2019 17:36:15 GMT" time="49.710" errors="0">
  <testcase name="test" time="9.769" classname="main.LoginWithTestNG"/>
  <testcase name="test" time="8.481" classname="main.LoginWithTestNG"/>
  <testcase name="test" time="10.938" classname="main.LoginWithTestNG"/>
  <testcase name="test" time="10.389" classname="main.LoginWithTestNG"/>
  <testcase name="test" time="10.133" classname="main.LoginWithTestNG"/>
</testsuite> <!-- main.LoginWithTestNG -->
